[ 2019-12-18T20:12:23+08:00 ] 127.0.0.1 /favicon.ico
INFO: [ app_init ] --START--
INFO: Run Behavior\BuildLiteBehavior [ RunTime:0.000006s ]
INFO: [ app_init ] --END-- [ RunTime:0.000246s ]
ERR: 无法加载模块:S=favicon

[ 2019-12-18T20:39:07+08:00 ] 127.0.0.1 /ladmin
INFO: [ app_init ] --START--
INFO: Run Behavior\BuildLiteBehavior [ RunTime:0.000010s ]
INFO: [ app_init ] --END-- [ RunTime:0.011062s ]
ERR: 无法加载模块:S=ladmin

[ 2019-12-18T20:55:53+08:00 ] 127.0.0.1 /ladmin
INFO: [ app_init ] --START--
INFO: Run Behavior\BuildLiteBehavior [ RunTime:0.000004s ]
INFO: [ app_init ] --END-- [ RunTime:0.000217s ]
ERR: 无法加载模块:S=ladmin

[ 2019-12-18T20:55:53+08:00 ] 127.0.0.1 /ladmin
INFO: [ app_init ] --START--
INFO: Run Behavior\BuildLiteBehavior [ RunTime:0.000006s ]
INFO: [ app_init ] --END-- [ RunTime:0.001175s ]
ERR: 无法加载模块:S=ladmin

[ 2019-12-18T20:55:53+08:00 ] 127.0.0.1 /ladmin
INFO: [ app_init ] --START--
INFO: Run Behavior\BuildLiteBehavior [ RunTime:0.000011s ]
INFO: [ app_init ] --END-- [ RunTime:0.003536s ]
ERR: 无法加载模块:S=ladmin

[ 2019-12-18T20:55:53+08:00 ] 127.0.0.1 /ladmin
INFO: [ app_init ] --START--
INFO: Run Behavior\BuildLiteBehavior [ RunTime:0.000007s ]
INFO: [ app_init ] --END-- [ RunTime:0.000244s ]
ERR: 无法加载模块:S=ladmin

[ 2019-12-18T20:55:54+08:00 ] 127.0.0.1 /ladmin
INFO: [ app_init ] --START--
INFO: Run Behavior\BuildLiteBehavior [ RunTime:0.000004s ]
INFO: [ app_init ] --END-- [ RunTime:0.000235s ]
ERR: 无法加载模块:S=ladmin

[ 2019-12-18T20:55:54+08:00 ] 127.0.0.1 /ladmin
INFO: [ app_init ] --START--
INFO: Run Behavior\BuildLiteBehavior [ RunTime:0.000004s ]
INFO: [ app_init ] --END-- [ RunTime:0.000231s ]
ERR: 无法加载模块:S=ladmin

[ 2019-12-18T20:55:54+08:00 ] 127.0.0.1 /ladmin
INFO: [ app_init ] --START--
INFO: Run Behavior\BuildLiteBehavior [ RunTime:0.000004s ]
INFO: [ app_init ] --END-- [ RunTime:0.000240s ]
ERR: 无法加载模块:S=ladmin

[ 2019-12-18T20:56:06+08:00 ] 127.0.0.1 /ladmin.html
INFO: [ app_init ] --START--
INFO: Run Behavior\BuildLiteBehavior [ RunTime:0.000004s ]
INFO: [ app_init ] --END-- [ RunTime:0.000187s ]
ERR: 无法加载模块:S=ladmin

[ 2019-12-18T20:56:31+08:00 ] 127.0.0.1 /Ladmin.html
INFO: [ app_init ] --START--
INFO: Run Behavior\BuildLiteBehavior [ RunTime:0.000006s ]
INFO: [ app_init ] --END-- [ RunTime:0.000313s ]
ERR: 无法加载模块:S=Ladmin

[ 2019-12-18T20:56:34+08:00 ] 127.0.0.1 /Ladmin
INFO: [ app_init ] --START--
INFO: Run Behavior\BuildLiteBehavior [ RunTime:0.000086s ]
INFO: [ app_init ] --END-- [ RunTime:0.000378s ]
ERR: 无法加载模块:S=Ladmin

[ 2019-12-18T20:56:46+08:00 ] 127.0.0.1 /Ladmin_index_index.html
INFO: [ app_init ] --START--
INFO: Run Behavior\BuildLiteBehavior [ RunTime:0.000006s ]
INFO: [ app_init ] --END-- [ RunTime:0.000214s ]
ERR: 无法加载模块:S=Ladmin

[ 2019-12-18T20:56:53+08:00 ] 127.0.0.1 /Ladmin_Index_index.html
INFO: [ app_init ] --START--
INFO: Run Behavior\BuildLiteBehavior [ RunTime:0.000004s ]
INFO: [ app_init ] --END-- [ RunTime:0.000193s ]
ERR: 无法加载模块:S=Ladmin

[ 2019-12-18T20:57:11+08:00 ] 127.0.0.1 /Ladmin_Login_index.html
INFO: [ app_init ] --START--
INFO: Run Behavior\BuildLiteBehavior [ RunTime:0.000013s ]
INFO: [ app_init ] --END-- [ RunTime:0.010837s ]
ERR: 无法加载模块:S=Ladmin

[ 2019-12-18T20:57:50+08:00 ] 127.0.0.1 /Ladmin_Login_index.html
INFO: [ app_init ] --START--
INFO: Run Behavior\BuildLiteBehavior [ RunTime:0.000005s ]
INFO: [ app_init ] --END-- [ RunTime:0.000218s ]
ERR: 无法加载模块:S=Ladmin

[ 2019-12-18T20:57:50+08:00 ] 127.0.0.1 /Ladmin_Login_index.html
INFO: [ app_init ] --START--
INFO: Run Behavior\BuildLiteBehavior [ RunTime:0.000024s ]
INFO: [ app_init ] --END-- [ RunTime:0.000247s ]
ERR: 无法加载模块:S=Ladmin

[ 2019-12-18T20:57:50+08:00 ] 127.0.0.1 /Ladmin_Login_index.html
INFO: [ app_init ] --START--
INFO: Run Behavior\BuildLiteBehavior [ RunTime:0.000010s ]
INFO: [ app_init ] --END-- [ RunTime:0.000409s ]
ERR: 无法加载模块:S=Ladmin

[ 2019-12-18T20:57:51+08:00 ] 127.0.0.1 /Ladmin_Login_index.html
INFO: [ app_init ] --START--
INFO: Run Behavior\BuildLiteBehavior [ RunTime:0.000006s ]
INFO: [ app_init ] --END-- [ RunTime:0.000304s ]
ERR: 无法加载模块:S=Ladmin

[ 2019-12-18T20:57:51+08:00 ] 127.0.0.1 /Ladmin_Login_index.html
INFO: [ app_init ] --START--
INFO: Run Behavior\BuildLiteBehavior [ RunTime:0.000029s ]
INFO: [ app_init ] --END-- [ RunTime:0.000635s ]
ERR: 无法加载模块:S=Ladmin

[ 2019-12-18T20:57:53+08:00 ] 127.0.0.1 /Ladmin
INFO: [ app_init ] --START--
INFO: Run Behavior\BuildLiteBehavior [ RunTime:0.000035s ]
INFO: [ app_init ] --END-- [ RunTime:0.000391s ]
ERR: 无法加载模块:S=Ladmin

[ 2019-12-18T20:58:07+08:00 ] 127.0.0.1 /Ladmin
INFO: [ app_init ] --START--
INFO: Run Behavior\BuildLiteBehavior [ RunTime:0.000005s ]
INFO: [ app_init ] --END-- [ RunTime:0.000232s ]
ERR: 无法加载模块:S=Ladmin

[ 2019-12-18T20:58:07+08:00 ] 127.0.0.1 /Ladmin
INFO: [ app_init ] --START--
INFO: Run Behavior\BuildLiteBehavior [ RunTime:0.000006s ]
INFO: [ app_init ] --END-- [ RunTime:0.000377s ]
ERR: 无法加载模块:S=Ladmin

[ 2019-12-18T20:58:07+08:00 ] 127.0.0.1 /Ladmin
INFO: [ app_init ] --START--
INFO: Run Behavior\BuildLiteBehavior [ RunTime:0.000004s ]
INFO: [ app_init ] --END-- [ RunTime:0.000234s ]
ERR: 无法加载模块:S=Ladmin

[ 2019-12-18T20:58:07+08:00 ] 127.0.0.1 /Ladmin
INFO: [ app_init ] --START--
INFO: Run Behavior\BuildLiteBehavior [ RunTime:0.000008s ]
INFO: [ app_init ] --END-- [ RunTime:0.000439s ]
ERR: 无法加载模块:S=Ladmin

[ 2019-12-18T20:58:08+08:00 ] 127.0.0.1 /Ladmin
INFO: [ app_init ] --START--
INFO: Run Behavior\BuildLiteBehavior [ RunTime:0.000005s ]
INFO: [ app_init ] --END-- [ RunTime:0.000205s ]
ERR: 无法加载模块:S=Ladmin

[ 2019-12-18T20:58:16+08:00 ] 127.0.0.1 /ladmin
INFO: [ app_init ] --START--
INFO: Run Behavior\BuildLiteBehavior [ RunTime:0.000005s ]
INFO: [ app_init ] --END-- [ RunTime:0.000263s ]
ERR: 无法加载模块:S=ladmin

[ 2019-12-18T20:58:19+08:00 ] 127.0.0.1 /Ladmin
INFO: [ app_init ] --START--
INFO: Run Behavior\BuildLiteBehavior [ RunTime:0.000004s ]
INFO: [ app_init ] --END-- [ RunTime:0.000259s ]
ERR: 无法加载模块:S=Ladmin

[ 2019-12-18T20:58:53+08:00 ] 127.0.0.1 /Ladmin.html
INFO: [ app_init ] --START--
INFO: Run Behavior\BuildLiteBehavior [ RunTime:0.000004s ]
INFO: [ app_init ] --END-- [ RunTime:0.000190s ]
ERR: 无法加载模块:S=Ladmin

[ 2019-12-18T20:58:57+08:00 ] 127.0.0.1 /Ladmin.html
INFO: [ app_init ] --START--
INFO: Run Behavior\BuildLiteBehavior [ RunTime:0.000006s ]
INFO: [ app_init ] --END-- [ RunTime:0.000232s ]
ERR: 无法加载模块:S=Ladmin

[ 2019-12-18T20:58:58+08:00 ] 127.0.0.1 /Ladmin.html
INFO: [ app_init ] --START--
INFO: Run Behavior\BuildLiteBehavior [ RunTime:0.000004s ]
INFO: [ app_init ] --END-- [ RunTime:0.000203s ]
ERR: 无法加载模块:S=Ladmin

[ 2019-12-18T20:58:58+08:00 ] 127.0.0.1 /Ladmin.html
INFO: [ app_init ] --START--
INFO: Run Behavior\BuildLiteBehavior [ RunTime:0.000005s ]
INFO: [ app_init ] --END-- [ RunTime:0.000193s ]
ERR: 无法加载模块:S=Ladmin

[ 2019-12-18T20:58:58+08:00 ] 127.0.0.1 /Ladmin.html
INFO: [ app_init ] --START--
INFO: Run Behavior\BuildLiteBehavior [ RunTime:0.000006s ]
INFO: [ app_init ] --END-- [ RunTime:0.000332s ]
ERR: 无法加载模块:S=Ladmin

[ 2019-12-18T20:59:00+08:00 ] 127.0.0.1 /Ladmin
INFO: [ app_init ] --START--
INFO: Run Behavior\BuildLiteBehavior [ RunTime:0.000004s ]
INFO: [ app_init ] --END-- [ RunTime:0.000203s ]
ERR: 无法加载模块:S=Ladmin

[ 2019-12-18T21:01:36+08:00 ] 127.0.0.1 /Ladmin
INFO: [ app_init ] --START--
INFO: Run Behavior\BuildLiteBehavior [ RunTime:0.000004s ]
INFO: [ app_init ] --END-- [ RunTime:0.000205s ]
ERR: 无法加载模块:S=Ladmin

[ 2019-12-18T21:02:10+08:00 ] 127.0.0.1 /Ladmin
INFO: [ app_init ] --START--
INFO: Run Behavior\BuildLiteBehavior [ RunTime:0.000005s ]
INFO: [ app_init ] --END-- [ RunTime:0.000200s ]
ERR: 无法加载模块:S=Ladmin

[ 2019-12-18T21:02:19+08:00 ] 127.0.0.1 /Ladmin
INFO: [ app_init ] --START--
INFO: Run Behavior\BuildLiteBehavior [ RunTime:0.000013s ]
INFO: [ app_init ] --END-- [ RunTime:0.007073s ]
ERR: 无法加载模块:S=Ladmin

[ 2019-12-18T21:02:25+08:00 ] 127.0.0.1 /Ladmin
INFO: [ app_init ] --START--
INFO: Run Behavior\BuildLiteBehavior [ RunTime:0.000004s ]
INFO: [ app_init ] --END-- [ RunTime:0.000185s ]
ERR: 无法加载模块:S=Ladmin

[ 2019-12-18T21:03:14+08:00 ] 127.0.0.1 /Ladmin_Login_index.html
INFO: [ app_init ] --START--
INFO: Run Behavior\BuildLiteBehavior [ RunTime:0.000005s ]
INFO: [ app_init ] --END-- [ RunTime:0.000236s ]
ERR: 无法加载模块:S=Ladmin

[ 2019-12-18T21:04:27+08:00 ] 127.0.0.1 /Ladmin_Login_index.html
INFO: [ app_init ] --START--
INFO: Run Behavior\BuildLiteBehavior [ RunTime:0.000008s ]
INFO: [ app_init ] --END-- [ RunTime:0.000403s ]
ERR: 无法加载模块:S=Ladmin

[ 2019-12-18T21:04:41+08:00 ] 127.0.0.1 /Ladmin_Login_index.html
INFO: [ app_init ] --START--
INFO: Run Behavior\BuildLiteBehavior [ RunTime:0.000005s ]
INFO: [ app_init ] --END-- [ RunTime:0.000278s ]
ERR: 无法加载模块:S=Ladmin

[ 2019-12-18T21:04:42+08:00 ] 127.0.0.1 /Ladmin_Login_index.html
INFO: [ app_init ] --START--
INFO: Run Behavior\BuildLiteBehavior [ RunTime:0.000007s ]
INFO: [ app_init ] --END-- [ RunTime:0.000565s ]
ERR: 无法加载模块:S=Ladmin

[ 2019-12-18T21:04:42+08:00 ] 127.0.0.1 /Ladmin_Login_index.html
INFO: [ app_init ] --START--
INFO: Run Behavior\BuildLiteBehavior [ RunTime:0.000004s ]
INFO: [ app_init ] --END-- [ RunTime:0.000204s ]
ERR: 无法加载模块:S=Ladmin

[ 2019-12-18T21:05:55+08:00 ] 127.0.0.1 /Ladmin
INFO: [ app_init ] --START--
INFO: Run Behavior\BuildLiteBehavior [ RunTime:0.000009s ]
INFO: [ app_init ] --END-- [ RunTime:0.009292s ]
ERR: 无法加载模块:S=Ladmin

[ 2019-12-18T21:07:02+08:00 ] 127.0.0.1 /Ladmin
INFO: [ app_init ] --START--
INFO: Run Behavior\BuildLiteBehavior [ RunTime:0.000007s ]
INFO: [ app_init ] --END-- [ RunTime:0.000954s ]
ERR: 无法加载模块:S=Ladmin

[ 2019-12-18T21:07:03+08:00 ] 127.0.0.1 /Ladmin
INFO: [ app_init ] --START--
INFO: Run Behavior\BuildLiteBehavior [ RunTime:0.000005s ]
INFO: [ app_init ] --END-- [ RunTime:0.000224s ]
ERR: 无法加载模块:S=Ladmin

[ 2019-12-18T21:07:03+08:00 ] 127.0.0.1 /Ladmin
INFO: [ app_init ] --START--
INFO: Run Behavior\BuildLiteBehavior [ RunTime:0.000004s ]
INFO: [ app_init ] --END-- [ RunTime:0.000210s ]
ERR: 无法加载模块:S=Ladmin

[ 2019-12-18T21:07:03+08:00 ] 127.0.0.1 /Ladmin
INFO: [ app_init ] --START--
INFO: Run Behavior\BuildLiteBehavior [ RunTime:0.000007s ]
INFO: [ app_init ] --END-- [ RunTime:0.000858s ]
ERR: 无法加载模块:S=Ladmin

[ 2019-12-18T21:07:03+08:00 ] 127.0.0.1 /Ladmin
INFO: [ app_init ] --START--
INFO: Run Behavior\BuildLiteBehavior [ RunTime:0.000004s ]
INFO: [ app_init ] --END-- [ RunTime:0.000217s ]
ERR: 无法加载模块:S=Ladmin

[ 2019-12-18T21:07:03+08:00 ] 127.0.0.1 /Ladmin
INFO: [ app_init ] --START--
INFO: Run Behavior\BuildLiteBehavior [ RunTime:0.000004s ]
INFO: [ app_init ] --END-- [ RunTime:0.000195s ]
ERR: 无法加载模块:S=Ladmin

[ 2019-12-18T21:07:04+08:00 ] 127.0.0.1 /Ladmin
INFO: [ app_init ] --START--
INFO: Run Behavior\BuildLiteBehavior [ RunTime:0.000004s ]
INFO: [ app_init ] --END-- [ RunTime:0.000189s ]
ERR: 无法加载模块:S=Ladmin

[ 2019-12-18T21:07:04+08:00 ] 127.0.0.1 /Ladmin
INFO: [ app_init ] --START--
INFO: Run Behavior\BuildLiteBehavior [ RunTime:0.000007s ]
INFO: [ app_init ] --END-- [ RunTime:0.000277s ]
ERR: 无法加载模块:S=Ladmin

[ 2019-12-18T21:12:42+08:00 ] 127.0.0.1 /Ladmin
INFO: [ app_init ] --START--
INFO: Run Behavior\BuildLiteBehavior [ RunTime:0.000201s ]
INFO: [ app_init ] --END-- [ RunTime:0.001624s ]
ERR: 无法加载模块:S=Ladmin

[ 2019-12-18T21:13:14+08:00 ] 127.0.0.1 /Ladmin
INFO: [ app_init ] --START--
INFO: Run Behavior\BuildLiteBehavior [ RunTime:0.000005s ]
INFO: [ app_init ] --END-- [ RunTime:0.000244s ]
ERR: 无法加载模块:S=Ladmin

[ 2019-12-18T21:13:14+08:00 ] 127.0.0.1 /Ladmin
INFO: [ app_init ] --START--
INFO: Run Behavior\BuildLiteBehavior [ RunTime:0.000004s ]
INFO: [ app_init ] --END-- [ RunTime:0.000229s ]
ERR: 无法加载模块:S=Ladmin

[ 2019-12-18T21:13:14+08:00 ] 127.0.0.1 /Ladmin
INFO: [ app_init ] --START--
INFO: Run Behavior\BuildLiteBehavior [ RunTime:0.000010s ]
INFO: [ app_init ] --END-- [ RunTime:0.000829s ]
ERR: 无法加载模块:S=Ladmin

[ 2019-12-18T21:13:14+08:00 ] 127.0.0.1 /Ladmin
INFO: [ app_init ] --START--
INFO: Run Behavior\BuildLiteBehavior [ RunTime:0.000007s ]
INFO: [ app_init ] --END-- [ RunTime:0.000248s ]
ERR: 无法加载模块:S=Ladmin

[ 2019-12-18T21:13:15+08:00 ] 127.0.0.1 /Ladmin
INFO: [ app_init ] --START--
INFO: Run Behavior\BuildLiteBehavior [ RunTime:0.000004s ]
INFO: [ app_init ] --END-- [ RunTime:0.000193s ]
ERR: 无法加载模块:S=Ladmin

[ 2019-12-18T21:13:15+08:00 ] 127.0.0.1 /Ladmin
INFO: [ app_init ] --START--
INFO: Run Behavior\BuildLiteBehavior [ RunTime:0.000005s ]
INFO: [ app_init ] --END-- [ RunTime:0.000195s ]
ERR: 无法加载模块:S=Ladmin

[ 2019-12-18T21:13:15+08:00 ] 127.0.0.1 /Ladmin
INFO: [ app_init ] --START--
INFO: Run Behavior\BuildLiteBehavior [ RunTime:0.000005s ]
INFO: [ app_init ] --END-- [ RunTime:0.000195s ]
ERR: 无法加载模块:S=Ladmin

[ 2019-12-18T21:13:15+08:00 ] 127.0.0.1 /Ladmin
INFO: [ app_init ] --START--
INFO: Run Behavior\BuildLiteBehavior [ RunTime:0.000005s ]
INFO: [ app_init ] --END-- [ RunTime:0.000208s ]
ERR: 无法加载模块:S=Ladmin

[ 2019-12-18T21:13:15+08:00 ] 127.0.0.1 /Ladmin
INFO: [ app_init ] --START--
INFO: Run Behavior\BuildLiteBehavior [ RunTime:0.000005s ]
INFO: [ app_init ] --END-- [ RunTime:0.000192s ]
ERR: 无法加载模块:S=Ladmin

[ 2019-12-18T21:13:15+08:00 ] 127.0.0.1 /Ladmin
INFO: [ app_init ] --START--
INFO: Run Behavior\BuildLiteBehavior [ RunTime:0.000021s ]
INFO: [ app_init ] --END-- [ RunTime:0.000308s ]
ERR: 无法加载模块:S=Ladmin

[ 2019-12-18T21:15:23+08:00 ] 127.0.0.1 /Ladmin
INFO: [ app_init ] --START--
INFO: Run Behavior\BuildLiteBehavior [ RunTime:0.000005s ]
INFO: [ app_init ] --END-- [ RunTime:0.000244s ]
ERR: 无法加载模块:S=Ladmin

[ 2019-12-18T21:15:23+08:00 ] 127.0.0.1 /Ladmin
INFO: [ app_init ] --START--
INFO: Run Behavior\BuildLiteBehavior [ RunTime:0.000004s ]
INFO: [ app_init ] --END-- [ RunTime:0.003007s ]
ERR: 无法加载模块:S=Ladmin

[ 2019-12-18T21:15:23+08:00 ] 127.0.0.1 /Ladmin
INFO: [ app_init ] --START--
INFO: Run Behavior\BuildLiteBehavior [ RunTime:0.000004s ]
INFO: [ app_init ] --END-- [ RunTime:0.000187s ]
ERR: 无法加载模块:S=Ladmin

[ 2019-12-18T21:15:24+08:00 ] 127.0.0.1 /Ladmin
INFO: [ app_init ] --START--
INFO: Run Behavior\BuildLiteBehavior [ RunTime:0.000005s ]
INFO: [ app_init ] --END-- [ RunTime:0.000239s ]
ERR: 无法加载模块:S=Ladmin

[ 2019-12-18T21:20:21+08:00 ] 127.0.0.1 /Ladmin_Login_index
INFO: [ app_init ] --START--
INFO: Run Behavior\BuildLiteBehavior [ RunTime:0.000014s ]
INFO: [ app_init ] --END-- [ RunTime:0.000309s ]
ERR: 无法加载模块:S=Ladmin

[ 2019-12-18T21:26:32+08:00 ] 127.0.0.1 /Ladmin_Login_index.html
INFO: [ app_init ] --START--
INFO: Run Behavior\BuildLiteBehavior [ RunTime:0.000024s ]
INFO: [ app_init ] --END-- [ RunTime:0.000574s ]
ERR: 无法加载模块:S=Ladmin

[ 2019-12-18T21:27:07+08:00 ] 127.0.0.1 /Ladmin_Login_index.html
INFO: [ app_init ] --START--
INFO: Run Behavior\BuildLiteBehavior [ RunTime:0.000004s ]
INFO: [ app_init ] --END-- [ RunTime:0.000191s ]
ERR: 无法加载模块:S=Ladmin

[ 2019-12-18T21:27:07+08:00 ] 127.0.0.1 /Ladmin_Login_index.html
INFO: [ app_init ] --START--
INFO: Run Behavior\BuildLiteBehavior [ RunTime:0.000004s ]
INFO: [ app_init ] --END-- [ RunTime:0.000190s ]
ERR: 无法加载模块:S=Ladmin

[ 2019-12-18T21:27:07+08:00 ] 127.0.0.1 /Ladmin_Login_index.html
INFO: [ app_init ] --START--
INFO: Run Behavior\BuildLiteBehavior [ RunTime:0.000006s ]
INFO: [ app_init ] --END-- [ RunTime:0.000234s ]
ERR: 无法加载模块:S=Ladmin

[ 2019-12-18T21:27:08+08:00 ] 127.0.0.1 /Ladmin_Login_index.html
INFO: [ app_init ] --START--
INFO: Run Behavior\BuildLiteBehavior [ RunTime:0.000004s ]
INFO: [ app_init ] --END-- [ RunTime:0.000188s ]
ERR: 无法加载模块:S=Ladmin

[ 2019-12-18T21:27:08+08:00 ] 127.0.0.1 /Ladmin_Login_index.html
INFO: [ app_init ] --START--
INFO: Run Behavior\BuildLiteBehavior [ RunTime:0.000004s ]
INFO: [ app_init ] --END-- [ RunTime:0.000187s ]
ERR: 无法加载模块:S=Ladmin

[ 2019-12-18T21:27:08+08:00 ] 127.0.0.1 /Ladmin_Login_index.html
INFO: [ app_init ] --START--
INFO: Run Behavior\BuildLiteBehavior [ RunTime:0.000004s ]
INFO: [ app_init ] --END-- [ RunTime:0.000194s ]
ERR: 无法加载模块:S=Ladmin

[ 2019-12-18T21:27:08+08:00 ] 127.0.0.1 /Ladmin_Login_index.html
INFO: [ app_init ] --START--
INFO: Run Behavior\BuildLiteBehavior [ RunTime:0.000005s ]
INFO: [ app_init ] --END-- [ RunTime:0.000215s ]
ERR: 无法加载模块:S=Ladmin

[ 2019-12-18T21:27:08+08:00 ] 127.0.0.1 /Ladmin_Login_index.html
INFO: [ app_init ] --START--
INFO: Run Behavior\BuildLiteBehavior [ RunTime:0.000005s ]
INFO: [ app_init ] --END-- [ RunTime:0.000188s ]
ERR: 无法加载模块:S=Ladmin

[ 2019-12-18T21:27:19+08:00 ] 127.0.0.1 /Ladmin_Login_index.html
INFO: [ app_init ] --START--
INFO: Run Behavior\BuildLiteBehavior [ RunTime:0.000004s ]
INFO: [ app_init ] --END-- [ RunTime:0.000191s ]
ERR: 无法加载模块:S=Ladmin

[ 2019-12-18T21:27:20+08:00 ] 127.0.0.1 /Ladmin_Login_index.html
INFO: [ app_init ] --START--
INFO: Run Behavior\BuildLiteBehavior [ RunTime:0.000005s ]
INFO: [ app_init ] --END-- [ RunTime:0.000189s ]
ERR: 无法加载模块:S=Ladmin

[ 2019-12-18T21:27:20+08:00 ] 127.0.0.1 /Ladmin_Login_index.html
INFO: [ app_init ] --START--
INFO: Run Behavior\BuildLiteBehavior [ RunTime:0.000005s ]
INFO: [ app_init ] --END-- [ RunTime:0.000216s ]
ERR: 无法加载模块:S=Ladmin

[ 2019-12-18T21:27:20+08:00 ] 127.0.0.1 /Ladmin_Login_index.html
INFO: [ app_init ] --START--
INFO: Run Behavior\BuildLiteBehavior [ RunTime:0.000004s ]
INFO: [ app_init ] --END-- [ RunTime:0.000261s ]
ERR: 无法加载模块:S=Ladmin

[ 2019-12-18T21:27:23+08:00 ] 127.0.0.1 /Ladmin
INFO: [ app_init ] --START--
INFO: Run Behavior\BuildLiteBehavior [ RunTime:0.000005s ]
INFO: [ app_init ] --END-- [ RunTime:0.000273s ]
ERR: 无法加载模块:S=Ladmin

[ 2019-12-18T21:29:20+08:00 ] 127.0.0.1 /Ladmin
INFO: [ app_init ] --START--
INFO: Run Behavior\BuildLiteBehavior [ RunTime:0.000010s ]
INFO: [ app_init ] --END-- [ RunTime:0.000983s ]
ERR: 无法加载模块:S=Ladmin

[ 2019-12-18T21:29:28+08:00 ] 127.0.0.1 /Home
INFO: [ app_init ] --START--
INFO: Run Behavior\BuildLiteBehavior [ RunTime:0.000007s ]
INFO: [ app_init ] --END-- [ RunTime:0.000451s ]
ERR: 无法加载模块:S=Home

[ 2019-12-18T22:27:24+08:00 ] 127.0.0.1 /Public/error/403.html
INFO: [ app_init ] --START--
INFO: Run Behavior\BuildLiteBehavior [ RunTime:0.000004s ]
INFO: [ app_init ] --END-- [ RunTime:0.000315s ]
ERR: 无法加载模块:Public/error/403

